\BOOKMARK [1][-]{section.1}{\376\377\000G\000i\036\333\000i\000\040\000t\000h\000i\036\307\000u}{}% 1
\BOOKMARK [1][-]{section.2}{\376\377\000M\036\345\000c\000\040\001\021\000\355\000c\000h\000\040\001\021\036\301\000\040\000t\000\340\000i}{}% 2
\BOOKMARK [1][-]{section.3}{\376\377\000C\001\241\000\040\000s\036\337\000\040\000l\000\375\000\040\000t\000h\000u\000y\036\277\000t}{}% 3
\BOOKMARK [2][-]{subsection.3.1}{\376\377\036\242\000n\000h\000\040\000s\036\321}{section.3}% 4
\BOOKMARK [2][-]{subsection.3.2}{\376\377\000P\000h\000\351\000p\000\040\000t\000o\000\341\000n\000\040\000g\000i\036\357\000a\000\040\000c\000\341\000c\000\040\001\021\000i\036\303\000m\000\040\036\243\000n\000h}{section.3}% 5
\BOOKMARK [2][-]{subsection.3.3}{\376\377\000M\036\331\000t\000\040\000s\036\321\000\040\000l\000o\036\241\000i\000\040\000l\000o\036\241\000i\000\040\000n\000h\000i\036\305\000u\000\040\036\243\000n\000h\000\040\000t\000h\001\260\036\335\000n\000g\000\040\000g\036\267\000p}{section.3}% 6
\BOOKMARK [3][-]{subsubsection.3.3.1}{\376\377\000N\000h\000i\036\305\000u\000\040\000G\000a\000u\000s\000s}{subsection.3.3}% 7
\BOOKMARK [3][-]{subsubsection.3.3.2}{\376\377\000N\000h\000i\036\305\000u\000\040\000m\000u\036\321\000i\000\040\000t\000i\000\352\000u}{subsection.3.3}% 8
\BOOKMARK [2][-]{subsection.3.4}{\376\377\000C\000\341\000c\000\040\000l\000o\036\241\000i\000\040\000b\036\331\000\040\000l\036\315\000c}{section.3}% 9
\BOOKMARK [1][-]{section.4}{\376\377\000C\000\364\000n\000g\000\040\000c\036\345\000\040\000y\000\352\000u\000\040\000c\036\247\000u\000\040\000c\000h\000o\000\040\000b\000\340\000i\000\040\000t\000h\000\355\000\040\000n\000g\000h\000i\036\307\000m}{}% 10
\BOOKMARK [2][-]{subsection.4.1}{\376\377\000P\000h\036\247\000n\000\040\000m\036\301\000m\000\040\000v\000\340\000\040\000p\000h\036\247\000n\000\040\000c\036\351\000n\000g}{section.4}% 11
\BOOKMARK [2][-]{subsection.4.2}{\376\377\000G\000i\036\333\000i\000\040\000t\000h\000i\036\307\000u\000\040\000b\036\331\000\040\000k\000i\000t\000\040\000R\000a\000s\000p\000b\000e\000r\000r\000y\000\040\000P\000i\000\040\0003}{section.4}% 12
\BOOKMARK [1][-]{section.5}{\376\377\000T\000i\036\277\000n\000\040\000h\000\340\000n\000h\000\040\000t\000h\000\355\000\040\000n\000g\000h\000i\036\307\000m}{}% 13
\BOOKMARK [2][-]{subsection.5.1}{\376\377\000L\036\315\000c\000\040\000n\000h\000i\036\305\000u\000\040\036\243\000n\000h\000\040\000m\000u\036\321\000i\000\040\000t\000i\000\352\000u}{section.5}% 14
\BOOKMARK [3][-]{subsubsection.5.1.1}{\376\377\000T\036\241\000o\000\040\036\243\000n\000h\000\040\000n\000h\000i\036\305\000u\000\040\000m\000u\036\321\000i\000\040\000t\000i\000\352\000u\000\040\000t\000r\000\352\000n\000\040\000M\000A\000T\000L\000A\000B}{subsection.5.1}% 15
\BOOKMARK [3][-]{subsubsection.5.1.2}{\376\377\000L\036\315\000c\000\040\036\243\000n\000h\000\040\000n\000h\000i\036\305\000u\000\040\000m\000u\036\321\000i\000\040\000t\000i\000\352\000u\000\040\000b\036\261\000n\000g\000\040\000P\000y\000t\000h\000o\000n\000\040\000t\000r\000\352\000n\000\040\000R\000a\000s\000p\000b\000e\000r\000r\000y\000\040\000P\000i\000\040\0003}{subsection.5.1}% 16
\BOOKMARK [3][-]{subsubsection.5.1.3}{\376\377\000S\000o\000\040\000s\000\341\000n\000h\000\040\000k\036\277\000t\000\040\000q\000u\036\243\000\040\000v\036\333\000i\000\040\000M\000A\000T\000L\000A\000B}{subsection.5.1}% 17
\BOOKMARK [3][-]{subsubsection.5.1.4}{\376\377\000S\000o\000\040\000s\000\341\000n\000h\000\040\000t\000r\000\352\000n\000\040\000t\000o\000\340\000n\000\040\000b\036\331\000\040\000d\036\357\000\040\000l\000i\036\307\000u}{subsection.5.1}% 18
\BOOKMARK [2][-]{subsection.5.2}{\376\377\000L\036\315\000c\000\040\000n\000h\000i\036\305\000u\000\040\036\243\000n\000h\000\040\000G\000a\000u\000s\000s}{section.5}% 19
\BOOKMARK [3][-]{subsubsection.5.2.1}{\376\377\000T\036\241\000o\000\040\036\243\000n\000h\000\040\000n\000h\000i\036\305\000u\000\040\000G\000a\000u\000s\000s}{subsection.5.2}% 20
\BOOKMARK [3][-]{subsubsection.5.2.2}{\376\377\000L\036\315\000c\000\040\036\243\000n\000h\000\040\000n\000h\000i\036\305\000u\000\040\000G\000a\000u\000s\000s\000\040\000b\036\261\000n\000g\000\040\000P\000y\000t\000h\000o\000n\000\040\000t\000r\000\352\000n\000\040\000R\000a\000s\000p\000b\000e\000r\000r\000y\000\040\000P\000i\000\040\0003}{subsection.5.2}% 21
\BOOKMARK [3][-]{subsubsection.5.2.3}{\376\377\000S\000o\000\040\000s\000\341\000n\000h\000\040\000k\036\277\000t\000\040\000q\000u\036\243\000\040\000v\036\333\000i\000\040\000M\000A\000T\000L\000A\000B}{subsection.5.2}% 22
\BOOKMARK [3][-]{subsubsection.5.2.4}{\376\377\000S\000o\000\040\000s\000\341\000n\000h\000\040\000t\000r\000\352\000n\000\040\000t\000o\000\340\000n\000\040\000b\036\331\000\040\000d\036\357\000\040\000l\000i\036\307\000u}{subsection.5.2}% 23
\BOOKMARK [1][-]{section.6}{\376\377\000K\036\277\000t\000\040\000l\000u\036\255\000n}{}% 24
\BOOKMARK [1][-]{section.6}{\376\377\000T\000\340\000i\000\040\000l\000i\036\307\000u\000\040\000t\000h\000a\000m\000\040\000k\000h\036\243\000o}{}% 25
